0 info it worked if it ends with ok
1 verbose cli [
1 verbose cli   '/home/kindred/.nvm/versions/node/v12.16.1/bin/node',
1 verbose cli   '/home/kindred/.nvm/versions/node/v12.16.1/bin/npm',
1 verbose cli   'start'
1 verbose cli ]
2 info using npm@2.15.12
3 info using node@v12.16.1
4 verbose config Skipping project config: /home/kindred/.npmrc. (matches userconfig)
5 verbose stack Error: ENOENT: no such file or directory, open '/home/kindred/package.json'
6 verbose cwd /home/kindred/Documentos/Udemy/exercicios-web/react/crud
7 error Linux 5.4.0-65-generic
8 error argv "/home/kindred/.nvm/versions/node/v12.16.1/bin/node" "/home/kindred/.nvm/versions/node/v12.16.1/bin/npm" "start"
9 error node v12.16.1
10 error npm  v2.15.12
11 error path /home/kindred/package.json
12 error code ENOENT
13 error errno -2
14 error syscall open
15 error enoent ENOENT: no such file or directory, open '/home/kindred/package.json'
15 error enoent This is most likely not a problem with npm itself
15 error enoent and is related to npm not being able to find a file.
16 verbose exit [ -2, true ]
